<?xml version="1.0" encoding="UTF-8"?>
<testsuite xmlns:xsi="http://www.w3.org/2001/XMLSchema-instance" xsi:noNamespaceSchemaLocation="https://maven.apache.org/surefire/maven-surefire-plugin/xsd/surefire-test-report-3.0.xsd" version="3.0" name="TestSuite" time="235.362" tests="18" errors="0" skipped="2" failures="1">
  <properties>
    <property name="java.specification.version" value="23"/>
    <property name="sun.cpu.isalist" value="amd64"/>
    <property name="sun.jnu.encoding" value="Cp1252"/>
    <property name="java.class.path" value="C:\Users\gstore\OneDrive\Desktop\practice-playwright\target\test-classes;C:\Users\gstore\OneDrive\Desktop\practice-playwright\target\classes;C:\Users\gstore\.m2\repository\com\microsoft\playwright\playwright\1.52.0\playwright-1.52.0.jar;C:\Users\gstore\.m2\repository\com\google\code\gson\gson\2.12.1\gson-2.12.1.jar;C:\Users\gstore\.m2\repository\com\google\errorprone\error_prone_annotations\2.36.0\error_prone_annotations-2.36.0.jar;C:\Users\gstore\.m2\repository\org\opentest4j\opentest4j\1.3.0\opentest4j-1.3.0.jar;C:\Users\gstore\.m2\repository\com\microsoft\playwright\driver\1.52.0\driver-1.52.0.jar;C:\Users\gstore\.m2\repository\com\microsoft\playwright\driver-bundle\1.52.0\driver-bundle-1.52.0.jar;C:\Users\gstore\.m2\repository\org\testng\testng\7.11.0\testng-7.11.0.jar;C:\Users\gstore\.m2\repository\org\slf4j\slf4j-api\2.0.16\slf4j-api-2.0.16.jar;C:\Users\gstore\.m2\repository\org\jcommander\jcommander\1.83\jcommander-1.83.jar;C:\Users\gstore\.m2\repository\org\webjars\jquery\3.7.1\jquery-3.7.1.jar;C:\Users\gstore\.m2\repository\com\github\javafaker\javafaker\1.0.2\javafaker-1.0.2.jar;C:\Users\gstore\.m2\repository\org\apache\commons\commons-lang3\3.5\commons-lang3-3.5.jar;C:\Users\gstore\.m2\repository\org\yaml\snakeyaml\1.23\snakeyaml-1.23-android.jar;C:\Users\gstore\.m2\repository\com\github\mifmif\generex\1.0.2\generex-1.0.2.jar;C:\Users\gstore\.m2\repository\dk\brics\automaton\automaton\1.11-8\automaton-1.11-8.jar;C:\Users\gstore\.m2\repository\io\qameta\allure\allure-testng\2.27.0\allure-testng-2.27.0.jar;C:\Users\gstore\.m2\repository\io\qameta\allure\allure-java-commons\2.27.0\allure-java-commons-2.27.0.jar;C:\Users\gstore\.m2\repository\io\qameta\allure\allure-model\2.27.0\allure-model-2.27.0.jar;C:\Users\gstore\.m2\repository\io\qameta\allure\allure-test-filter\2.27.0\allure-test-filter-2.27.0.jar;C:\Users\gstore\.m2\repository\org\aspectj\aspectjweaver\1.9.24\aspectjweaver-1.9.24.jar;"/>
    <property name="java.vm.vendor" value="Oracle Corporation"/>
    <property name="sun.arch.data.model" value="64"/>
    <property name="user.variant" value=""/>
    <property name="java.vendor.url" value="https://java.oracle.com/"/>
    <property name="user.timezone" value="Asia/Tbilisi"/>
    <property name="os.name" value="Windows 10"/>
    <property name="java.vm.specification.version" value="23"/>
    <property name="sun.java.launcher" value="SUN_STANDARD"/>
    <property name="user.country" value="US"/>
    <property name="sun.boot.library.path" value="C:\Program Files\Java\jdk-23\bin"/>
    <property name="sun.java.command" value="C:\Users\gstore\AppData\Local\Temp\surefire437032984187655646\surefirebooter-20250516021131235_3.jar C:\Users\gstore\AppData\Local\Temp\surefire437032984187655646 2025-05-16T02-11-31_079-jvmRun1 surefire-20250516021131235_1tmp surefire_0-20250516021131235_2tmp"/>
    <property name="jdk.debug" value="release"/>
    <property name="surefire.test.class.path" value="C:\Users\gstore\OneDrive\Desktop\practice-playwright\target\test-classes;C:\Users\gstore\OneDrive\Desktop\practice-playwright\target\classes;C:\Users\gstore\.m2\repository\com\microsoft\playwright\playwright\1.52.0\playwright-1.52.0.jar;C:\Users\gstore\.m2\repository\com\google\code\gson\gson\2.12.1\gson-2.12.1.jar;C:\Users\gstore\.m2\repository\com\google\errorprone\error_prone_annotations\2.36.0\error_prone_annotations-2.36.0.jar;C:\Users\gstore\.m2\repository\org\opentest4j\opentest4j\1.3.0\opentest4j-1.3.0.jar;C:\Users\gstore\.m2\repository\com\microsoft\playwright\driver\1.52.0\driver-1.52.0.jar;C:\Users\gstore\.m2\repository\com\microsoft\playwright\driver-bundle\1.52.0\driver-bundle-1.52.0.jar;C:\Users\gstore\.m2\repository\org\testng\testng\7.11.0\testng-7.11.0.jar;C:\Users\gstore\.m2\repository\org\slf4j\slf4j-api\2.0.16\slf4j-api-2.0.16.jar;C:\Users\gstore\.m2\repository\org\jcommander\jcommander\1.83\jcommander-1.83.jar;C:\Users\gstore\.m2\repository\org\webjars\jquery\3.7.1\jquery-3.7.1.jar;C:\Users\gstore\.m2\repository\com\github\javafaker\javafaker\1.0.2\javafaker-1.0.2.jar;C:\Users\gstore\.m2\repository\org\apache\commons\commons-lang3\3.5\commons-lang3-3.5.jar;C:\Users\gstore\.m2\repository\org\yaml\snakeyaml\1.23\snakeyaml-1.23-android.jar;C:\Users\gstore\.m2\repository\com\github\mifmif\generex\1.0.2\generex-1.0.2.jar;C:\Users\gstore\.m2\repository\dk\brics\automaton\automaton\1.11-8\automaton-1.11-8.jar;C:\Users\gstore\.m2\repository\io\qameta\allure\allure-testng\2.27.0\allure-testng-2.27.0.jar;C:\Users\gstore\.m2\repository\io\qameta\allure\allure-java-commons\2.27.0\allure-java-commons-2.27.0.jar;C:\Users\gstore\.m2\repository\io\qameta\allure\allure-model\2.27.0\allure-model-2.27.0.jar;C:\Users\gstore\.m2\repository\io\qameta\allure\allure-test-filter\2.27.0\allure-test-filter-2.27.0.jar;C:\Users\gstore\.m2\repository\org\aspectj\aspectjweaver\1.9.24\aspectjweaver-1.9.24.jar;"/>
    <property name="sun.cpu.endian" value="little"/>
    <property name="user.home" value="C:\Users\gstore"/>
    <property name="user.language" value="en"/>
    <property name="java.specification.vendor" value="Oracle Corporation"/>
    <property name="java.version.date" value="2025-01-21"/>
    <property name="java.home" value="C:\Program Files\Java\jdk-23"/>
    <property name="file.separator" value="\"/>
    <property name="basedir" value="C:\Users\gstore\OneDrive\Desktop\practice-playwright"/>
    <property name="java.vm.compressedOopsMode" value="Zero based"/>
    <property name="line.separator" value="&#10;"/>
    <property name="java.vm.specification.vendor" value="Oracle Corporation"/>
    <property name="java.specification.name" value="Java Platform API Specification"/>
    <property name="surefire.real.class.path" value="C:\Users\gstore\AppData\Local\Temp\surefire437032984187655646\surefirebooter-20250516021131235_3.jar"/>
    <property name="user.script" value=""/>
    <property name="sun.management.compiler" value="HotSpot 64-Bit Tiered Compilers"/>
    <property name="java.runtime.version" value="23.0.2+7-58"/>
    <property name="user.name" value="gstore"/>
    <property name="stdout.encoding" value="Cp1252"/>
    <property name="path.separator" value=";"/>
    <property name="os.version" value="10.0"/>
    <property name="java.runtime.name" value="Java(TM) SE Runtime Environment"/>
    <property name="file.encoding" value="UTF-8"/>
    <property name="java.vm.name" value="Java HotSpot(TM) 64-Bit Server VM"/>
    <property name="localRepository" value="C:\Users\gstore\.m2\repository"/>
    <property name="java.vendor.url.bug" value="https://bugreport.java.com/bugreport/"/>
    <property name="java.io.tmpdir" value="C:\Users\gstore\AppData\Local\Temp\"/>
    <property name="java.version" value="23.0.2"/>
    <property name="user.dir" value="C:\Users\gstore\OneDrive\Desktop\practice-playwright"/>
    <property name="os.arch" value="amd64"/>
    <property name="java.vm.specification.name" value="Java Virtual Machine Specification"/>
    <property name="sun.os.patch.level" value=""/>
    <property name="native.encoding" value="Cp1252"/>
    <property name="java.library.path" value="C:\Program Files\Java\jdk-23\bin;C:\Windows\Sun\Java\bin;C:\Windows\system32;C:\Windows;C:\Program Files\Common Files\Oracle\Java\javapath;C:\Python312\Scripts\;C:\Python312\;C:\Program Files (x86)\Common Files\Oracle\Java\java8path;C:\Program Files (x86)\Common Files\Oracle\Java\javapath;C:\Windows;C:\Windows\System32\Wbem;C:\Windows\System32\WindowsPowerShell\v1.0\;C:\Windows\System32\OpenSSH\;C:\msys64\mingw64\bin;C:\Program Files\Wolfram Research\WolframScript\;C:\Program Files\doxygen\bin;C:\Program Files\dotnet\;C:\Program Files (x86)\Windows Kits\10\Windows Performance Toolkit\;C:\Program Files\Microsoft SQL Server\150\Tools\Binn\;C:\Program Files\nodejs\;C:\ProgramData\chocolatey\bin;C:\Windows\System32;C:\Program Files\Git\cmd;C:\Users\gstore\OneDrive\Desktop\apache-maven-3.9.9\bin;C:\Users\gstore\OneDrive\Desktop\jdk-23.0.2\bin;C:\Users\gstore\AppData\Local\Android\Sdk\platform-tools;C:\Users\gstore\AppData\Local\Microsoft\WindowsApps;C:\Users\gstore\Downloads\MinGW\bin;C:\msys64\ucrt64\bin;C:\msys64\mingw32\bin;C:\Program Files\JetBrains\IntelliJ IDEA 2022.1.4\bin;;C:\Users\gstore\.dotnet\tools;C:\Users\gstore\AppData\Roaming\npm;C:\Users\gstore\AppData\Local\Programs\Microsoft VS Code\bin;C:\Program Files\JetBrains\IntelliJ IDEA Community Edition 2022.1.4\bin;;."/>
    <property name="java.vm.info" value="mixed mode, sharing"/>
    <property name="stderr.encoding" value="Cp1252"/>
    <property name="java.vendor" value="Oracle Corporation"/>
    <property name="java.vm.version" value="23.0.2+7-58"/>
    <property name="sun.io.unicode.encoding" value="UnicodeLittle"/>
    <property name="java.class.version" value="67.0"/>
  </properties>
  <testcase name="colorChangeTest" classname="ge.tbc.testautomation.pom.magento.MagentoTests" time="3.678">
    <system-err><![CDATA[SLF4J(W): No SLF4J providers were found.
SLF4J(W): Defaulting to no-operation (NOP) logger implementation
SLF4J(W): See https://www.slf4j.org/codes.html#noProviders for further details.
]]></system-err>
  </testcase>
  <testcase name="addToCartTest" classname="ge.tbc.testautomation.pom.magento.MagentoTests" time="12.465"/>
  <testcase name="deleteFromCart" classname="ge.tbc.testautomation.pom.magento.MagentoTests" time="4.0"/>
  <testcase name="outOfStockOfferTest" classname="ge.tbc.testautomation.pom.magento.MagentoTests" time="3.671"/>
  <testcase name="reviewNumberTest" classname="ge.tbc.testautomation.pom.magento.MagentoTests" time="2.673"/>
  <testcase name="mobileNavigationTest" classname="ge.tbc.testautomation.pom.magento.MagentoTests" time="0.56"/>
  <testcase name="saveToFavoritesWhileUnauthorizedTest" classname="ge.tbc.testautomation.pom.magento.MagentoTests" time="10.749"/>
  <testcase name="purchaseItem" classname="ge.tbc.testautomation.pom.magento.MagentoTests" time="0.0">
    <skipped message="Error {&#10;  message=&apos;Timeout 30000ms exceeded.&#10;  name=&apos;TimeoutError&#10;  stack=&apos;TimeoutError: Timeout 30000ms exceeded.&#10;    at ProgressController.run (C:\Users\gstore\AppData\Local\Temp\playwright-java-4435475597216201590\package\lib\server\progress.js:76:26)&#10;    at Frame.waitForSelector (C:\Users\gstore\AppData\Local\Temp\playwright-java-4435475597216201590\package\lib\server\frames.js:647:23)&#10;    at FrameDispatcher.waitForSelector (C:\Users\gstore\AppData\Local\Temp\playwright-java-4435475597216201590\package\lib\server\dispatchers\frameDispatcher.js:82:116)&#10;    at FrameDispatcher._handleCommand (C:\Users\gstore\AppData\Local\Temp\playwright-java-4435475597216201590\package\lib\server\dispatchers\dispatcher.js:94:40)&#10;    at DispatcherConnection.dispatch (C:\Users\gstore\AppData\Local\Temp\playwright-java-4435475597216201590\package\lib\server\dispatchers\dispatcher.js:307:39)&#10;}&#10;Call log:&#10;-   - waiting for locator(&quot;.action.primary.checkout&quot;).last() to be visible&#10;"/>
    <system-out><![CDATA[ტესტის თავიდან გაშვება: purchaseItem, მცდელობა: 1
]]></system-out>
  </testcase>
  <testcase name="purchaseItem" classname="ge.tbc.testautomation.pom.magento.MagentoTests" time="0.0">
    <skipped message="Error {&#10;  message=&apos;Timeout 30000ms exceeded.&#10;  name=&apos;TimeoutError&#10;  stack=&apos;TimeoutError: Timeout 30000ms exceeded.&#10;    at ProgressController.run (C:\Users\gstore\AppData\Local\Temp\playwright-java-4435475597216201590\package\lib\server\progress.js:76:26)&#10;    at Frame.waitForSelector (C:\Users\gstore\AppData\Local\Temp\playwright-java-4435475597216201590\package\lib\server\frames.js:647:23)&#10;    at FrameDispatcher.waitForSelector (C:\Users\gstore\AppData\Local\Temp\playwright-java-4435475597216201590\package\lib\server\dispatchers\frameDispatcher.js:82:116)&#10;    at FrameDispatcher._handleCommand (C:\Users\gstore\AppData\Local\Temp\playwright-java-4435475597216201590\package\lib\server\dispatchers\dispatcher.js:94:40)&#10;    at DispatcherConnection.dispatch (C:\Users\gstore\AppData\Local\Temp\playwright-java-4435475597216201590\package\lib\server\dispatchers\dispatcher.js:307:39)&#10;}&#10;Call log:&#10;-   - waiting for getByRole(AriaRole.BUTTON, new Page.GetByRoleOptions().setName(&quot;Add to Cart&quot;)).first()&#10;"/>
    <system-out><![CDATA[ტესტის თავიდან გაშვება: purchaseItem, მცდელობა: 2
]]></system-out>
  </testcase>
  <testcase name="purchaseItem" classname="ge.tbc.testautomation.pom.magento.MagentoTests" time="35.099">
    <failure message="Error {&#10;  message=&apos;Timeout 30000ms exceeded.&#10;  name=&apos;TimeoutError&#10;  stack=&apos;TimeoutError: Timeout 30000ms exceeded.&#10;    at ProgressController.run (C:\Users\gstore\AppData\Local\Temp\playwright-java-4435475597216201590\package\lib\server\progress.js:76:26)&#10;    at Frame.waitForSelector (C:\Users\gstore\AppData\Local\Temp\playwright-java-4435475597216201590\package\lib\server\frames.js:647:23)&#10;    at FrameDispatcher.waitForSelector (C:\Users\gstore\AppData\Local\Temp\playwright-java-4435475597216201590\package\lib\server\dispatchers\frameDispatcher.js:82:116)&#10;    at FrameDispatcher._handleCommand (C:\Users\gstore\AppData\Local\Temp\playwright-java-4435475597216201590\package\lib\server\dispatchers\dispatcher.js:94:40)&#10;    at DispatcherConnection.dispatch (C:\Users\gstore\AppData\Local\Temp\playwright-java-4435475597216201590\package\lib\server\dispatchers\dispatcher.js:307:39)&#10;}&#10;Call log:&#10;-   - waiting for getByRole(AriaRole.BUTTON, new Page.GetByRoleOptions().setName(&quot;Add to Cart&quot;)).first()&#10;" type="com.microsoft.playwright.TimeoutError"><![CDATA[com.microsoft.playwright.TimeoutError: 
Error {
  message='Timeout 30000ms exceeded.
  name='TimeoutError
  stack='TimeoutError: Timeout 30000ms exceeded.
    at ProgressController.run (C:\Users\gstore\AppData\Local\Temp\playwright-java-4435475597216201590\package\lib\server\progress.js:76:26)
    at Frame.waitForSelector (C:\Users\gstore\AppData\Local\Temp\playwright-java-4435475597216201590\package\lib\server\frames.js:647:23)
    at FrameDispatcher.waitForSelector (C:\Users\gstore\AppData\Local\Temp\playwright-java-4435475597216201590\package\lib\server\dispatchers\frameDispatcher.js:82:116)
    at FrameDispatcher._handleCommand (C:\Users\gstore\AppData\Local\Temp\playwright-java-4435475597216201590\package\lib\server\dispatchers\dispatcher.js:94:40)
    at DispatcherConnection.dispatch (C:\Users\gstore\AppData\Local\Temp\playwright-java-4435475597216201590\package\lib\server\dispatchers\dispatcher.js:307:39)
}
Call log:
-   - waiting for getByRole(AriaRole.BUTTON, new Page.GetByRoleOptions().setName("Add to Cart")).first()

	at com.microsoft.playwright.impl.WaitableResult.get(WaitableResult.java:52)
	at com.microsoft.playwright.impl.ChannelOwner.runUntil(ChannelOwner.java:132)
	at com.microsoft.playwright.impl.Connection.sendMessage(Connection.java:130)
	at com.microsoft.playwright.impl.ChannelOwner.sendMessage(ChannelOwner.java:118)
	at com.microsoft.playwright.impl.FrameImpl.waitForSelectorImpl(FrameImpl.java:1060)
	at com.microsoft.playwright.impl.FrameImpl.waitForSelectorImpl(FrameImpl.java:1050)
	at com.microsoft.playwright.impl.FrameImpl.lambda$waitForSelector$46(FrameImpl.java:1046)
	at com.microsoft.playwright.impl.LoggingSupport.withLogging(LoggingSupport.java:47)
	at com.microsoft.playwright.impl.ChannelOwner.withLogging(ChannelOwner.java:97)
	at com.microsoft.playwright.impl.FrameImpl.waitForSelector(FrameImpl.java:1046)
	at com.microsoft.playwright.impl.LocatorImpl.elementHandle(LocatorImpl.java:216)
	at com.microsoft.playwright.impl.LocatorImpl.withElement(LocatorImpl.java:83)
	at com.microsoft.playwright.impl.LocatorImpl.scrollIntoViewIfNeeded(LocatorImpl.java:491)
	at com.microsoft.playwright.Locator.scrollIntoViewIfNeeded(Locator.java:4415)
	at ge.tbc.testautomation.steps.magento.ItemsSteps.scrollToAddToCartBtn(ItemsSteps.java:65)
	at ge.tbc.testautomation.pom.magento.MagentoTests.purchaseItem(MagentoTests.java:154)
	at java.base/jdk.internal.reflect.DirectMethodHandleAccessor.invoke(DirectMethodHandleAccessor.java:103)
	at java.base/java.lang.reflect.Method.invoke(Method.java:580)
	at org.testng.internal.invokers.MethodInvocationHelper.invokeMethod(MethodInvocationHelper.java:141)
	at org.testng.internal.invokers.TestInvoker.invokeMethod(TestInvoker.java:687)
	at org.testng.internal.invokers.TestInvoker.retryFailed(TestInvoker.java:269)
	at org.testng.internal.invokers.MethodRunner.runInSequence(MethodRunner.java:76)
	at org.testng.internal.invokers.TestInvoker$MethodInvocationAgent.invoke(TestInvoker.java:995)
	at org.testng.internal.invokers.TestInvoker.invokeTestMethods(TestInvoker.java:203)
	at org.testng.internal.invokers.TestMethodWorker.invokeTestMethods(TestMethodWorker.java:154)
	at org.testng.internal.invokers.TestMethodWorker.run(TestMethodWorker.java:134)
	at java.base/java.util.ArrayList.forEach(ArrayList.java:1597)
	at org.testng.TestRunner.privateRun(TestRunner.java:741)
	at org.testng.TestRunner.run(TestRunner.java:616)
	at org.testng.SuiteRunner.runTest(SuiteRunner.java:421)
	at org.testng.SuiteRunner.runSequentially(SuiteRunner.java:413)
	at org.testng.SuiteRunner.privateRun(SuiteRunner.java:373)
	at org.testng.SuiteRunner.run(SuiteRunner.java:312)
	at org.testng.SuiteRunnerWorker.runSuite(SuiteRunnerWorker.java:52)
	at org.testng.SuiteRunnerWorker.run(SuiteRunnerWorker.java:95)
	at org.testng.TestNG.runSuitesSequentially(TestNG.java:1274)
	at org.testng.TestNG.runSuitesLocally(TestNG.java:1208)
	at org.testng.TestNG.runSuites(TestNG.java:1112)
	at org.testng.TestNG.run(TestNG.java:1079)
	at org.apache.maven.surefire.testng.TestNGExecutor.run(TestNGExecutor.java:155)
	at org.apache.maven.surefire.testng.TestNGDirectoryTestSuite.executeMulti(TestNGDirectoryTestSuite.java:169)
	at org.apache.maven.surefire.testng.TestNGDirectoryTestSuite.execute(TestNGDirectoryTestSuite.java:88)
	at org.apache.maven.surefire.testng.TestNGProvider.invoke(TestNGProvider.java:137)
	at org.apache.maven.surefire.booter.ForkedBooter.runSuitesInProcess(ForkedBooter.java:385)
	at org.apache.maven.surefire.booter.ForkedBooter.execute(ForkedBooter.java:162)
	at org.apache.maven.surefire.booter.ForkedBooter.run(ForkedBooter.java:507)
	at org.apache.maven.surefire.booter.ForkedBooter.main(ForkedBooter.java:495)
Caused by: com.microsoft.playwright.TimeoutError: Error {
  message='Timeout 30000ms exceeded.
  name='TimeoutError
  stack='TimeoutError: Timeout 30000ms exceeded.
    at ProgressController.run (C:\Users\gstore\AppData\Local\Temp\playwright-java-4435475597216201590\package\lib\server\progress.js:76:26)
    at Frame.waitForSelector (C:\Users\gstore\AppData\Local\Temp\playwright-java-4435475597216201590\package\lib\server\frames.js:647:23)
    at FrameDispatcher.waitForSelector (C:\Users\gstore\AppData\Local\Temp\playwright-java-4435475597216201590\package\lib\server\dispatchers\frameDispatcher.js:82:116)
    at FrameDispatcher._handleCommand (C:\Users\gstore\AppData\Local\Temp\playwright-java-4435475597216201590\package\lib\server\dispatchers\dispatcher.js:94:40)
    at DispatcherConnection.dispatch (C:\Users\gstore\AppData\Local\Temp\playwright-java-4435475597216201590\package\lib\server\dispatchers\dispatcher.js:307:39)
}
Call log:
-   - waiting for getByRole(AriaRole.BUTTON, new Page.GetByRoleOptions().setName("Add to Cart")).first()

	at com.microsoft.playwright.impl.Connection.dispatch(Connection.java:254)
	at com.microsoft.playwright.impl.Connection.processOneMessage(Connection.java:211)
	at com.microsoft.playwright.impl.ChannelOwner.runUntil(ChannelOwner.java:130)
	... 45 more
]]></failure>
  </testcase>
  <testcase name="favouritesTest" classname="ge.tbc.testautomation.pom.toolwebsite.isolatedcontext.IsolatedContextTests" time="12.537"/>
  <testcase name="filterTest" classname="ge.tbc.testautomation.pom.toolwebsite.isolatedcontext.IsolatedContextTests" time="1.029"/>
  <testcase name="removeFavouriteTest" classname="ge.tbc.testautomation.pom.toolwebsite.isolatedcontext.IsolatedContextTests" time="8.076"/>
  <testcase name="TagsTest" classname="ge.tbc.testautomation.pom.toolwebsite.isolatedcontext.IsolatedContextTests" time="1.793"/>
  <testcase name="favouritesTest" classname="ge.tbc.testautomation.pom.toolwebsite.sharedcontext.SharedContextTests" time="12.281"/>
  <testcase name="filterTest" classname="ge.tbc.testautomation.pom.toolwebsite.sharedcontext.SharedContextTests" time="1.072"/>
  <testcase name="removeFavouriteTest" classname="ge.tbc.testautomation.pom.toolwebsite.sharedcontext.SharedContextTests" time="3.495"/>
  <testcase name="TagsTest" classname="ge.tbc.testautomation.pom.toolwebsite.sharedcontext.SharedContextTests" time="1.78"/>
</testsuite>