<?xml version="1.0" encoding="UTF-8"?>
<!-- Generated by org.testng.reporters.JUnitReportReporter -->
<testsuite hostname="DESKTOP-3QHAGIK" failures="0" tests="4" name="ge.tbc.testautomation.pom.toolwebsite.sharedcontext.SharedContextTests" time="20.317" errors="0" timestamp="2025-05-16T02:15:26 GMT+04:00" skipped="0">
  <testcase classname="ge.tbc.testautomation.pom.toolwebsite.sharedcontext.SharedContextTests" name="favouritesTest" time="12.692"/>
  <testcase classname="ge.tbc.testautomation.pom.toolwebsite.sharedcontext.SharedContextTests" name="filterTest" time="1.443"/>
  <testcase classname="ge.tbc.testautomation.pom.toolwebsite.sharedcontext.SharedContextTests" name="removeFavouriteTest" time="3.914"/>
  <testcase classname="ge.tbc.testautomation.pom.toolwebsite.sharedcontext.SharedContextTests" name="TagsTest" time="2.268"/>
</testsuite> <!-- ge.tbc.testautomation.pom.toolwebsite.sharedcontext.SharedContextTests -->
