<?xml version="1.0" encoding="UTF-8"?>
<!-- Generated by org.testng.reporters.JUnitReportReporter -->
<testsuite hostname="DESKTOP-3QHAGIK" failures="0" tests="4" name="ge.tbc.testautomation.pom.toolwebsite.isolatedcontext.IsolatedContextTests" time="35.909" errors="0" timestamp="2025-05-16T02:15:26 GMT+04:00" skipped="0">
  <testcase classname="ge.tbc.testautomation.pom.toolwebsite.isolatedcontext.IsolatedContextTests" name="favouritesTest" time="15.494"/>
  <testcase classname="ge.tbc.testautomation.pom.toolwebsite.isolatedcontext.IsolatedContextTests" name="filterTest" time="4.165"/>
  <testcase classname="ge.tbc.testautomation.pom.toolwebsite.isolatedcontext.IsolatedContextTests" name="removeFavouriteTest" time="11.551"/>
  <testcase classname="ge.tbc.testautomation.pom.toolwebsite.isolatedcontext.IsolatedContextTests" name="TagsTest" time="4.699"/>
</testsuite> <!-- ge.tbc.testautomation.pom.toolwebsite.isolatedcontext.IsolatedContextTests -->
